<?xml version="1.0" encoding="UTF-8"?>
<testng-results ignored="0" total="1" passed="1" failed="0" skipped="0">
  <reporter-output>
  </reporter-output>
  <suite started-at="2022-09-05T11:33:58Z" name="Surefire suite" finished-at="2022-09-05T11:34:03Z" duration-ms="4832">
    <groups>
    </groups>
    <test started-at="2022-09-05T11:33:58Z" name="Surefire test" finished-at="2022-09-05T11:34:03Z" duration-ms="4832">
      <class name="testClasses.LogInTest">
        <test-method is-config="true" signature="launchURL()[pri:0, instance:testClasses.LogInTest@28ac3dc3]" started-at="2022-09-05T11:33:52Z" name="launchURL" finished-at="2022-09-05T11:33:58Z" duration-ms="6327" status="PASS">
          <reporter-output>
          </reporter-output>
        </test-method> <!-- launchURL -->
        <test-method is-config="true" signature="objectCreations()[pri:0, instance:testClasses.LogInTest@28ac3dc3]" started-at="2022-09-05T11:33:58Z" name="objectCreations" finished-at="2022-09-05T11:33:58Z" duration-ms="90" status="PASS">
          <reporter-output>
          </reporter-output>
        </test-method> <!-- objectCreations -->
        <test-method signature="verifyLogInTab()[pri:0, instance:testClasses.LogInTest@28ac3dc3]" started-at="2022-09-05T11:33:58Z" name="verifyLogInTab" finished-at="2022-09-05T11:34:03Z" duration-ms="4703" status="PASS">
          <reporter-output>
          </reporter-output>
        </test-method> <!-- verifyLogInTab -->
      </class> <!-- testClasses.LogInTest -->
    </test> <!-- Surefire test -->
  </suite> <!-- Surefire suite -->
</testng-results>
